[debug] [2021-03-07T00:28:39.532Z] ----------------------------------------------------------------------
[debug] [2021-03-07T00:28:39.534Z] Command:       /usr/local/bin/node /usr/local/bin/firebase init
[debug] [2021-03-07T00:28:39.535Z] CLI Version:   9.5.0
[debug] [2021-03-07T00:28:39.535Z] Platform:      linux
[debug] [2021-03-07T00:28:39.535Z] Node Version:  v14.15.1
[debug] [2021-03-07T00:28:39.535Z] Time:          Sat Mar 06 2021 19:28:39 GMT-0500 (Eastern Standard Time)
[debug] [2021-03-07T00:28:39.535Z] ----------------------------------------------------------------------
[debug] [2021-03-07T00:28:39.536Z] 
[debug] [2021-03-07T00:28:39.540Z] > command requires scopes: ["email","openid","https://www.googleapis.com/auth/cloudplatformprojects.readonly","https://www.googleapis.com/auth/firebase","https://www.googleapis.com/auth/cloud-platform"]
[debug] [2021-03-07T00:28:39.540Z] > authorizing via signed-in user
[info] 
     ######## #### ########  ######## ########     ###     ######  ########
     ##        ##  ##     ## ##       ##     ##  ##   ##  ##       ##
     ######    ##  ########  ######   ########  #########  ######  ######
     ##        ##  ##    ##  ##       ##     ## ##     ##       ## ##
     ##       #### ##     ## ######## ########  ##     ##  ######  ########

You're about to initialize a Firebase project in this directory:

  /home/nerajno/Development/code/projects/JsProjectsInAnHrWithG/11_Project_Movie_App

Before we get started, keep in mind:

  * You are initializing in an existing Firebase project directory

[info] 
=== Project Setup
[info] 
[info] First, let's associate this project directory with a Firebase project.
[info] You can create multiple project aliases by running firebase use --add, 
[info] but for now we'll just set up a default project.
[info] 
[info] i  .firebaserc already has a default project, using burble-5c404. 
[debug] [2021-03-07T00:28:43.815Z] > refreshing access token with scopes: []
[debug] [2021-03-07T00:28:43.815Z] >>> HTTP REQUEST POST https://www.googleapis.com/oauth2/v3/token  
 <request body omitted>
[debug] [2021-03-07T00:28:43.923Z] <<< HTTP RESPONSE 200 {"cache-control":"no-cache, no-store, max-age=0, must-revalidate","date":"Sun, 07 Mar 2021 00:28:43 GMT","expires":"Mon, 01 Jan 1990 00:00:00 GMT","pragma":"no-cache","content-type":"application/json; charset=utf-8","vary":"X-Origin, Referer, Origin,Accept-Encoding","server":"scaffolding on HTTPServer2","x-xss-protection":"0","x-frame-options":"SAMEORIGIN","x-content-type-options":"nosniff","alt-svc":"h3-29=\":443\"; ma=2592000,h3-T051=\":443\"; ma=2592000,h3-Q050=\":443\"; ma=2592000,h3-Q046=\":443\"; ma=2592000,h3-Q043=\":443\"; ma=2592000,quic=\":443\"; ma=2592000; v=\"46,43\"","accept-ranges":"none","transfer-encoding":"chunked"}
[debug] [2021-03-07T00:28:43.935Z] >>> [apiv2][query] GET https://firebase.googleapis.com/v1beta1/projects/burble-5c404 [none]
[debug] [2021-03-07T00:28:44.117Z] <<< [apiv2][status] GET https://firebase.googleapis.com/v1beta1/projects/burble-5c404 200
[debug] [2021-03-07T00:28:44.117Z] <<< [apiv2][body] GET https://firebase.googleapis.com/v1beta1/projects/burble-5c404 {"projectId":"burble-5c404","projectNumber":"987010801344","displayName":"Burble","name":"projects/burble-5c404","resources":{"hostingSite":"burble-5c404"},"state":"ACTIVE"}
[info] 
=== Hosting Setup
[info] 
[info] Your public directory is the folder (relative to your project directory) that
[info] will contain Hosting assets to be uploaded with firebase deploy. If you
[info] have a build process for your assets, use your build's output directory.
[info] 
